<?xml version="1.0" encoding="UTF-8"?>
<!-- Generated by org.testng.reporters.JUnitReportReporter -->
<testsuite skipped="1" hostname="DHARSHINI" name="com.Bookshelf.testdata.TestValidData" tests="13" failures="0" timestamp="16 Jun 2020 11:29:26 GMT" time="455.431" errors="0">
  <testcase name="testwebpage" time="10.568" classname="com.Bookshelf.testdata.TestValidData"/>
  <testcase name="testwebpage" time="10.664" classname="com.Bookshelf.testdata.TestValidData"/>
  <testcase name="testwebpage" time="10.677" classname="com.Bookshelf.testdata.TestValidData"/>
  <testcase name="testwebpage" time="77.143" classname="com.Bookshelf.testdata.TestValidData"/>
  <testcase name="testwebpage" time="9.951" classname="com.Bookshelf.testdata.TestValidData"/>
  <testcase name="testwebpage" time="83.327" classname="com.Bookshelf.testdata.TestValidData"/>
  <testcase name="testwebpage" time="14.449" classname="com.Bookshelf.testdata.TestValidData"/>
  <testcase name="testwebpage" time="51.998" classname="com.Bookshelf.testdata.TestValidData"/>
  <testcase name="testwebpage" time="52.833" classname="com.Bookshelf.testdata.TestValidData"/>
  <testcase name="testwebpage" time="0.000" classname="com.Bookshelf.testdata.TestValidData">
    <skipped/>
  </testcase> <!-- testwebpage -->
  <testcase name="testwebpage" time="103.630" classname="com.Bookshelf.testdata.TestValidData"/>
  <testcase name="testwebpage" time="12.284" classname="com.Bookshelf.testdata.TestValidData"/>
  <testcase name="testwebpage" time="17.907" classname="com.Bookshelf.testdata.TestValidData"/>
</testsuite> <!-- com.Bookshelf.testdata.TestValidData -->
